Copyright 1986-2022 Xilinx, Inc. All Rights Reserved.
-----------------------------------------------------------------------------------------
| Tool Version      : Vivado v.2022.2 (win64) Build 3671981 Fri Oct 14 05:00:03 MDT 2022
| Date              : Thu May  7 10:52:04 2026
| Host              : DESKTOP-FAIRVEG running 64-bit major release  (build 9200)
| Command           : report_timing_summary -file reports/step22_timing_summary.rpt
| Design            : frac_cfo_frame_corrector_top
| Device            : xczu9eg-ffvb1156
| Speed File        : -2  PRODUCTION 1.30 05-15-2022
| Temperature Grade : E
-----------------------------------------------------------------------------------------

Timing Summary Report

------------------------------------------------------------------------------------------------
| Timer Settings
| --------------
------------------------------------------------------------------------------------------------

  Enable Multi Corner Analysis               :  Yes
  Enable Pessimism Removal                   :  Yes
  Pessimism Removal Resolution               :  Nearest Common Node
  Enable Input Delay Default Clock           :  No
  Enable Preset / Clear Arcs                 :  No
  Disable Flight Delays                      :  No
  Ignore I/O Paths                           :  No
  Timing Early Launch at Borrowing Latches   :  No
  Borrow Time for Max Delay Exceptions       :  Yes
  Merge Timing Exceptions                    :  Yes

  Corner  Analyze    Analyze    
  Name    Max Paths  Min Paths  
  ------  ---------  ---------  
  Slow    Yes        Yes        
  Fast    Yes        Yes        


------------------------------------------------------------------------------------------------
| Report Methodology
| ------------------
------------------------------------------------------------------------------------------------

No report available as report_methodology has not been run prior. Run report_methodology on the current design for the summary of methodology violations.



check_timing report

Table of Contents
-----------------
1. checking no_clock (0)
2. checking constant_clock (0)
3. checking pulse_width_clock (0)
4. checking unconstrained_internal_endpoints (0)
5. checking no_input_delay (88)
6. checking no_output_delay (109)
7. checking multiple_clock (0)
8. checking generated_clocks (0)
9. checking loops (0)
10. checking partial_input_delay (0)
11. checking partial_output_delay (0)
12. checking latch_loops (0)

1. checking no_clock (0)
------------------------
 There are 0 register/latch pins with no clock.


2. checking constant_clock (0)
------------------------------
 There are 0 register/latch pins with constant_clock.


3. checking pulse_width_clock (0)
---------------------------------
 There are 0 register/latch pins which need pulse_width check


4. checking unconstrained_internal_endpoints (0)
------------------------------------------------
 There are 0 pins that are not constrained for maximum delay.

 There are 0 pins that are not constrained for maximum delay due to constant clock.


5. checking no_input_delay (88)
-------------------------------
 There are 88 input ports with no input delay specified. (HIGH)

 There are 0 input ports with no input delay but user has a false path constraint.


6. checking no_output_delay (109)
---------------------------------
 There are 109 ports with no output delay specified. (HIGH)

 There are 0 ports with no output delay but user has a false path constraint

 There are 0 ports with no output delay but with a timing clock defined on it or propagating through it


7. checking multiple_clock (0)
------------------------------
 There are 0 register/latch pins with multiple clocks.


8. checking generated_clocks (0)
--------------------------------
 There are 0 generated clocks that are not connected to a clock source.


9. checking loops (0)
---------------------
 There are 0 combinational loops in the design.


10. checking partial_input_delay (0)
------------------------------------
 There are 0 input ports with partial input delay specified.


11. checking partial_output_delay (0)
-------------------------------------
 There are 0 ports with partial output delay specified.


12. checking latch_loops (0)
----------------------------
 There are 0 combinational latch loops in the design through latch input



------------------------------------------------------------------------------------------------
| Design Timing Summary
| ---------------------
------------------------------------------------------------------------------------------------

    WNS(ns)      TNS(ns)  TNS Failing Endpoints  TNS Total Endpoints      WHS(ns)      THS(ns)  THS Failing Endpoints  THS Total Endpoints     WPWS(ns)     TPWS(ns)  TPWS Failing Endpoints  TPWS Total Endpoints  
    -------      -------  ---------------------  -------------------      -------      -------  ---------------------  -------------------     --------     --------  ----------------------  --------------------  
      4.092        0.000                      0                91483        0.067        0.000                      0                91483        4.468        0.000                       0                 30455  


All user specified timing constraints are met.


------------------------------------------------------------------------------------------------
| Clock Summary
| -------------
------------------------------------------------------------------------------------------------

Clock  Waveform(ns)       Period(ns)      Frequency(MHz)
-----  ------------       ----------      --------------
aclk   {0.000 5.000}      10.000          100.000         


------------------------------------------------------------------------------------------------
| Intra Clock Table
| -----------------
------------------------------------------------------------------------------------------------

Clock             WNS(ns)      TNS(ns)  TNS Failing Endpoints  TNS Total Endpoints      WHS(ns)      THS(ns)  THS Failing Endpoints  THS Total Endpoints     WPWS(ns)     TPWS(ns)  TPWS Failing Endpoints  TPWS Total Endpoints  
-----             -------      -------  ---------------------  -------------------      -------      -------  ---------------------  -------------------     --------     --------  ----------------------  --------------------  
aclk                4.092        0.000                      0                91483        0.067        0.000                      0                91483        4.468        0.000                       0                 30455  


------------------------------------------------------------------------------------------------
| Inter Clock Table
| -----------------
------------------------------------------------------------------------------------------------

From Clock    To Clock          WNS(ns)      TNS(ns)  TNS Failing Endpoints  TNS Total Endpoints      WHS(ns)      THS(ns)  THS Failing Endpoints  THS Total Endpoints  
----------    --------          -------      -------  ---------------------  -------------------      -------      -------  ---------------------  -------------------  


------------------------------------------------------------------------------------------------
| Other Path Groups Table
| -----------------------
------------------------------------------------------------------------------------------------

Path Group    From Clock    To Clock          WNS(ns)      TNS(ns)  TNS Failing Endpoints  TNS Total Endpoints      WHS(ns)      THS(ns)  THS Failing Endpoints  THS Total Endpoints  
----------    ----------    --------          -------      -------  ---------------------  -------------------      -------      -------  ---------------------  -------------------  


------------------------------------------------------------------------------------------------
| Timing Details
| --------------
------------------------------------------------------------------------------------------------


---------------------------------------------------------------------------------------------------
From Clock:  aclk
  To Clock:  aclk

Setup :            0  Failing Endpoints,  Worst Slack        4.092ns,  Total Violation        0.000ns
Hold  :            0  Failing Endpoints,  Worst Slack        0.067ns,  Total Violation        0.000ns
PW    :            0  Failing Endpoints,  Worst Slack        4.468ns,  Total Violation        0.000ns
---------------------------------------------------------------------------------------------------


Max Delay Paths
--------------------------------------------------------------------------------------
Slack (MET) :             4.092ns  (required time - arrival time)
  Source:                 u_tfc/u_tst/FSM_sequential_state_reg[2]/C
                            (rising edge-triggered cell FDRE clocked by aclk  {rise@0.000ns fall@5.000ns period=10.000ns})
  Destination:            u_tfc/u_tst/u_pd/peak_index_reg[0]/CE
                            (rising edge-triggered cell FDCE clocked by aclk  {rise@0.000ns fall@5.000ns period=10.000ns})
  Path Group:             aclk
  Path Type:              Setup (Max at Slow Process Corner)
  Requirement:            10.000ns  (aclk rise@10.000ns - aclk rise@0.000ns)
  Data Path Delay:        5.805ns  (logic 1.885ns (32.472%)  route 3.920ns (67.528%))
  Logic Levels:           25  (CARRY8=10 LUT1=1 LUT2=1 LUT3=1 LUT4=2 LUT5=2 LUT6=4 MUXF7=2 MUXF8=2)
  Clock Path Skew:        -0.008ns (DCD - SCD + CPR)
    Destination Clock Delay (DCD):    0.020ns = ( 10.020 - 10.000 ) 
    Source Clock Delay      (SCD):    0.028ns
    Clock Pessimism Removal (CPR):    0.000ns
  Clock Uncertainty:      0.035ns  ((TSJ^2 + TIJ^2)^1/2 + DJ) / 2 + PE
    Total System Jitter     (TSJ):    0.071ns
    Total Input Jitter      (TIJ):    0.000ns
    Discrete Jitter          (DJ):    0.000ns
    Phase Error              (PE):    0.000ns

    Location             Delay type                Incr(ns)  Path(ns)    Netlist Resource(s)
  -------------------------------------------------------------------    -------------------
                         (clock aclk rise edge)       0.000     0.000 r  
                                                      0.000     0.000 r  aclk (IN)
                         net (fo=30549, unset)        0.028     0.028    u_tfc/u_tst/aclk
                         FDRE                                         r  u_tfc/u_tst/FSM_sequential_state_reg[2]/C
  -------------------------------------------------------------------    -------------------
                         FDRE (Prop_FDRE_C_Q)         0.079     0.107 r  u_tfc/u_tst/FSM_sequential_state_reg[2]/Q
                         net (fo=68, unplaced)        0.209     0.316    u_tfc/u_tst/u_pd/peak_metric_reg[0][2]
                         LUT5 (Prop_LUT5_I1_O)        0.098     0.414 r  u_tfc/u_tst/u_pd/peak_corr_q[15]_i_122/O
                         net (fo=1024, unplaced)      0.363     0.777    u_tfc/u_tst/u_ac/peak_corr_q_reg[15]_i_49_1
                         LUT6 (Prop_LUT6_I4_O)        0.035     0.812 f  u_tfc/u_tst/u_ac/peak_corr_q[2]_i_105/O
                         net (fo=1, unplaced)         0.017     0.829    u_tfc/u_tst/u_ac/peak_corr_q[2]_i_105_n_0
                         MUXF7 (Prop_MUXF7_I1_O)      0.064     0.893 f  u_tfc/u_tst/u_ac/peak_corr_q_reg[2]_i_48/O
                         net (fo=1, unplaced)         0.000     0.893    u_tfc/u_tst/u_ac/peak_corr_q_reg[2]_i_48_n_0
                         MUXF8 (Prop_MUXF8_I0_O)      0.026     0.919 f  u_tfc/u_tst/u_ac/peak_corr_q_reg[2]_i_20/O
                         net (fo=1, unplaced)         0.225     1.144    u_tfc/u_tst/u_ac/peak_corr_q_reg[2]_i_20_n_0
                         LUT6 (Prop_LUT6_I0_O)        0.098     1.242 f  u_tfc/u_tst/u_ac/peak_corr_q[2]_i_7/O
                         net (fo=1, unplaced)         0.016     1.258    u_tfc/u_tst/u_ac/peak_corr_q[2]_i_7_n_0
                         MUXF7 (Prop_MUXF7_I1_O)      0.064     1.322 f  u_tfc/u_tst/u_ac/peak_corr_q_reg[2]_i_3/O
                         net (fo=1, unplaced)         0.000     1.322    u_tfc/u_tst/u_ac/peak_corr_q_reg[2]_i_3_n_0
                         MUXF8 (Prop_MUXF8_I1_O)      0.026     1.348 f  u_tfc/u_tst/u_ac/peak_corr_q_reg[2]_i_1/O
                         net (fo=5, unplaced)         0.243     1.591    u_tfc/u_tst/u_ac/result_autocorr_Q[2]
                         LUT1 (Prop_LUT1_I0_O)        0.036     1.627 r  u_tfc/u_tst/u_ac/i__carry_i_8__0/O
                         net (fo=1, unplaced)         0.016     1.643    u_tfc/u_tst/u_tmc/mag_max1_carry_i_38_0[1]
                         CARRY8 (Prop_CARRY8_S[1]_CO[7])
                                                      0.193     1.836 r  u_tfc/u_tst/u_tmc/_inferred__4/i__carry/CO[7]
                         net (fo=1, unplaced)         0.005     1.841    u_tfc/u_tst/u_tmc/_inferred__4/i__carry_n_0
                         CARRY8 (Prop_CARRY8_CI_CO[7])
                                                      0.022     1.863 r  u_tfc/u_tst/u_tmc/_inferred__4/i__carry__0/CO[7]
                         net (fo=1, unplaced)         0.005     1.868    u_tfc/u_tst/u_tmc/_inferred__4/i__carry__0_n_0
                         CARRY8 (Prop_CARRY8_CI_O[0])
                                                      0.056     1.924 f  u_tfc/u_tst/u_tmc/_inferred__4/i__carry__1/O[0]
                         net (fo=2, unplaced)         0.225     2.149    u_tfc/u_tst/u_ac/abs_Q0[16]
                         LUT3 (Prop_LUT3_I0_O)        0.069     2.218 f  u_tfc/u_tst/u_ac/mag_max1_carry__0_i_38/O
                         net (fo=4, unplaced)         0.238     2.456    u_tfc/u_tst/u_ac/mag_max1_carry__0_i_38_n_0
                         LUT6 (Prop_LUT6_I1_O)        0.035     2.491 r  u_tfc/u_tst/u_ac/mag_max1_carry__0_i_8/O
                         net (fo=1, unplaced)         0.272     2.763    u_tfc/u_tst/u_tmc/mag_max1_carry__1_0[0]
                         CARRY8 (Prop_CARRY8_DI[0]_CO[7])
                                                      0.138     2.901 r  u_tfc/u_tst/u_tmc/mag_max1_carry__0/CO[7]
                         net (fo=1, unplaced)         0.005     2.906    u_tfc/u_tst/u_tmc/mag_max1_carry__0_n_0
                         CARRY8 (Prop_CARRY8_CI_CO[0])
                                                      0.052     2.958 r  u_tfc/u_tst/u_tmc/mag_max1_carry__1/CO[0]
                         net (fo=93, unplaced)        0.309     3.267    u_tfc/u_tst/u_ac/CO[0]
                         LUT5 (Prop_LUT5_I3_O)        0.035     3.302 r  u_tfc/u_tst/u_ac/mag_approx__0_carry_i_26/O
                         net (fo=8, unplaced)         0.253     3.555    u_tfc/u_tst/u_ac/mag_approx1[1]
                         LUT6 (Prop_LUT6_I5_O)        0.035     3.590 r  u_tfc/u_tst/u_ac/mag_approx__0_carry_i_8/O
                         net (fo=1, unplaced)         0.272     3.862    u_tfc/u_tst/u_tmc/metric_full_carry_0[0]
                         CARRY8 (Prop_CARRY8_DI[0]_CO[7])
                                                      0.138     4.000 r  u_tfc/u_tst/u_tmc/mag_approx__0_carry/CO[7]
                         net (fo=1, unplaced)         0.005     4.005    u_tfc/u_tst/u_tmc/mag_approx__0_carry_n_0
                         CARRY8 (Prop_CARRY8_CI_O[0])
                                                      0.056     4.061 r  u_tfc/u_tst/u_tmc/mag_approx__0_carry__0/O[0]
                         net (fo=2, unplaced)         0.225     4.286    u_tfc/u_tst/u_tmc/mag_approx[8]
                         LUT2 (Prop_LUT2_I0_O)        0.035     4.321 r  u_tfc/u_tst/u_tmc/metric_full_carry__0_i_8/O
                         net (fo=1, unplaced)         0.016     4.337    u_tfc/u_tst/u_tmc/metric_full_carry__0_i_8_n_0
                         CARRY8 (Prop_CARRY8_S[0]_CO[7])
                                                      0.197     4.534 r  u_tfc/u_tst/u_tmc/metric_full_carry__0/CO[7]
                         net (fo=1, unplaced)         0.005     4.539    u_tfc/u_tst/u_tmc/metric_full_carry__0_n_0
                         CARRY8 (Prop_CARRY8_CI_O[0])
                                                      0.056     4.595 r  u_tfc/u_tst/u_tmc/metric_full_carry__1/O[0]
                         net (fo=3, unplaced)         0.231     4.826    u_tfc/u_tst/u_tmc/data_in[16]
                         LUT4 (Prop_LUT4_I0_O)        0.069     4.895 r  u_tfc/u_tst/u_tmc/i__carry__0_i_8/O
                         net (fo=1, unplaced)         0.272     5.167    u_tfc/u_tst/u_pd/peak_index_reg[0]_5[0]
                         CARRY8 (Prop_CARRY8_DI[0]_CO[7])
                                                      0.138     5.305 r  u_tfc/u_tst/u_pd/peak_index1_inferred__0/i__carry__0/CO[7]
                         net (fo=42, unplaced)        0.194     5.499    u_tfc/u_tst/u_pd/CO[0]
                         LUT4 (Prop_LUT4_I3_O)        0.035     5.534 r  u_tfc/u_tst/u_pd/peak_value[31]_i_1/O
                         net (fo=41, unplaced)        0.299     5.833    u_tfc/u_tst/u_pd/running_max
                         FDCE                                         r  u_tfc/u_tst/u_pd/peak_index_reg[0]/CE
  -------------------------------------------------------------------    -------------------

                         (clock aclk rise edge)      10.000    10.000 r  
                                                      0.000    10.000 r  aclk (IN)
                         net (fo=30549, unset)        0.020    10.020    u_tfc/u_tst/u_pd/aclk
                         FDCE                                         r  u_tfc/u_tst/u_pd/peak_index_reg[0]/C
                         clock pessimism              0.000    10.020    
                         clock uncertainty           -0.035     9.985    
                         FDCE (Setup_FDCE_C_CE)      -0.060     9.925    u_tfc/u_tst/u_pd/peak_index_reg[0]
  -------------------------------------------------------------------
                         required time                          9.925    
                         arrival time                          -5.833    
  -------------------------------------------------------------------
                         slack                                  4.092    





Min Delay Paths
--------------------------------------------------------------------------------------
Slack (MET) :             0.067ns  (arrival time - required time)
  Source:                 u_fd/pow_wr_ptr_reg[3]/C
                            (rising edge-triggered cell FDRE clocked by aclk  {rise@0.000ns fall@5.000ns period=10.000ns})
  Destination:            u_fd/pow_buf_reg_0_63_0_0/SP/ADR3
                            (rising edge-triggered cell RAMS64E clocked by aclk  {rise@0.000ns fall@5.000ns period=10.000ns})
  Path Group:             aclk
  Path Type:              Hold (Min at Fast Process Corner)
  Requirement:            0.000ns  (aclk rise@0.000ns - aclk rise@0.000ns)
  Data Path Delay:        0.117ns  (logic 0.039ns (33.333%)  route 0.078ns (66.667%))
  Logic Levels:           0  
  Clock Path Skew:        -0.012ns (DCD - SCD - CPR)
    Destination Clock Delay (DCD):    0.000ns
    Source Clock Delay      (SCD):    0.012ns
    Clock Pessimism Removal (CPR):    -0.000ns

    Location             Delay type                Incr(ns)  Path(ns)    Netlist Resource(s)
  -------------------------------------------------------------------    -------------------
                         (clock aclk rise edge)       0.000     0.000 r  
                                                      0.000     0.000 r  aclk (IN)
                         net (fo=30549, unset)        0.012     0.012    u_fd/aclk
                         FDRE                                         r  u_fd/pow_wr_ptr_reg[3]/C
  -------------------------------------------------------------------    -------------------
                         FDRE (Prop_FDRE_C_Q)         0.039     0.051 r  u_fd/pow_wr_ptr_reg[3]/Q
                         net (fo=36, unplaced)        0.078     0.129    u_fd/pow_buf_reg_0_63_0_0/A3
                         RAMS64E                                      r  u_fd/pow_buf_reg_0_63_0_0/SP/ADR3
  -------------------------------------------------------------------    -------------------

                         (clock aclk rise edge)       0.000     0.000 r  
                                                      0.000     0.000 r  aclk (IN)
                         net (fo=30549, unset)        0.000     0.000    u_fd/pow_buf_reg_0_63_0_0/WCLK
                         RAMS64E                                      r  u_fd/pow_buf_reg_0_63_0_0/SP/CLK
                         clock pessimism              0.000     0.000    
                         RAMS64E (Hold_RAMS64E_CLK_ADR3)
                                                      0.062     0.062    u_fd/pow_buf_reg_0_63_0_0/SP
  -------------------------------------------------------------------
                         required time                         -0.062    
                         arrival time                           0.129    
  -------------------------------------------------------------------
                         slack                                  0.067    





Pulse Width Checks
--------------------------------------------------------------------------------------
Clock Name:         aclk
Waveform(ns):       { 0.000 5.000 }
Period(ns):         10.000
Sources:            { aclk }

Check Type        Corner  Lib Pin      Reference Pin  Required(ns)  Actual(ns)  Slack(ns)  Location  Pin
Min Period        n/a     RAMD64E/CLK  n/a            1.064         10.000      8.936                u_buf/mem_reg_r1_0_63_0_6/RAMA/CLK
Low Pulse Width   Slow    RAMD64E/CLK  n/a            0.532         5.000       4.468                u_buf/mem_reg_r1_0_63_0_6/RAMA/CLK
High Pulse Width  Slow    RAMD64E/CLK  n/a            0.532         5.000       4.468                u_buf/mem_reg_r1_0_63_0_6/RAMA/CLK



