#-----------------------------------------------------------
# Vivado v2022.2 (64-bit)
# SW Build 3671981 on Fri Oct 14 05:00:03 MDT 2022
# IP Build 3669848 on Fri Oct 14 08:30:02 MDT 2022
# Start of session at: Thu May  7 10:40:56 2026
# Process ID: 38056
# Current directory: C:/RTL_SYNC
# Command line: vivado.exe -mode batch -source scripts\step22_synth_check.tcl -log reports\step22_synth_messages.log -journal reports\step22_synth.jou
# Log file: C:/RTL_SYNC/reports/step22_synth_messages.log
# Journal file: C:/RTL_SYNC\reports\step22_synth.jou
# Running On: DESKTOP-FAIRVEG, OS: Windows, CPU Frequency: 2496 MHz, CPU Physical cores: 10, Host memory: 16793 MB
#-----------------------------------------------------------
source {scripts\step22_synth_check.tcl}
# set TOP   frac_cfo_frame_corrector_top
# set PART  xczu9eg-ffvb1156-2-e
# set RTL   rtl
# set STUBS scripts/synth_stubs
# set RPTS  reports
# puts "========================================================"
========================================================
# puts "Step 22 OOC Synthesis: $TOP on $PART"
Step 22 OOC Synthesis: frac_cfo_frame_corrector_top on xczu9eg-ffvb1156-2-e
# puts "========================================================"
========================================================
# file mkdir $RPTS
# create_project -in_memory -part $PART synth_step22
create_project: Time (s): cpu = 00:00:15 ; elapsed = 00:00:19 . Memory (MB): peak = 379.059 ; gain = 47.211
# set_property default_lib work [current_project]
# puts "INFO: Reading synthesizable RTL sources..."
INFO: Reading synthesizable RTL sources...
# read_verilog -sv [list \
#     $RTL/axis_complex_mult.v        \
#     $RTL/complex_mult_iq.v          \
#     $RTL/complex_rotator.v          \
#     $RTL/iq_frame_buffer.v          \
#     $RTL/frame_detector.v           \
#     $RTL/cp_autocorr_core.v         \
#     $RTL/timing_metric_core.v       \
#     $RTL/peak_detector.v            \
#     $RTL/frac_cfo_estimator.v       \
#     $RTL/frac_cfo_corrector_top.v   \
#     $RTL/timing_sync_top.v          \
#     $RTL/timing_frac_cfo_top.v      \
#     $RTL/frac_cfo_frame_corrector_top.v \
# ]
# puts "INFO: Reading synthesis stubs (replace behavioral CORDIC models)..."
INFO: Reading synthesis stubs (replace behavioral CORDIC models)...
# read_verilog [list \
#     $STUBS/cordic_atan2_stub.v  \
#     $STUBS/nco_phase_gen_stub.v \
# ]
# set_property top $TOP [current_fileset]
ERROR: [Common 17-53] User Exception: No open design. Please open an elaborated, synthesized or implemented design before executing this command.
INFO: [Common 17-206] Exiting Vivado at Thu May  7 10:41:29 2026...
