#-----------------------------------------------------------
# Vivado v2022.2 (64-bit)
# SW Build 3671981 on Fri Oct 14 05:00:03 MDT 2022
# IP Build 3669848 on Fri Oct 14 08:30:02 MDT 2022
# Start of session at: Thu May  7 21:27:37 2026
# Process ID: 1192
# Current directory: C:/RTL_SYNC
# Command line: vivado.exe -mode batch -source scripts\vivado\step27_create_zcu102_bd_no_ila.tcl -log reports\step27\step27_create_bd.log -journal reports\step27\step27_create_bd.jou
# Log file: C:/RTL_SYNC/reports/step27/step27_create_bd.log
# Journal file: C:/RTL_SYNC\reports\step27\step27_create_bd.jou
# Running On: DESKTOP-FAIRVEG, OS: Windows, CPU Frequency: 2496 MHz, CPU Physical cores: 10, Host memory: 16793 MB
#-----------------------------------------------------------
source {scripts\vivado\step27_create_zcu102_bd_no_ila.tcl}
# set PART         "xczu9eg-ffvb1156-2-e"
# set BOARD_PART   "xilinx.com:zcu102:part0:3.4"
# set PROJ_NAME    "step27_zcu102_bd"
# set PROJ_DIR     "vivado/step27_zcu102_bd"
# set BD_NAME      "sync_phase1_bd"
# set RTL          "rtl"
# set RPTS         "reports/step27"
# set WRAP_MOD     "frac_cfo_sync_bram_test_wrapper"
# set WRAP_CELL    "wrapper_0"
# set WRAP_BASE    "0xA0000000"
# set WRAP_RANGE   "64K"
# set IP_VENDOR    "zealatan.local"
# set IP_LIBRARY   "user"
# set IP_NAME      "frac_cfo_sync_bram_test_wrapper"
# set IP_VERSION   "1.0"
# set IP_VLNV      "${IP_VENDOR}:${IP_LIBRARY}:${IP_NAME}:${IP_VERSION}"
# set IP_REPO_BASE "vivado/ip_repo"
# set IP_ROOT      "${IP_REPO_BASE}/${IP_NAME}_1_0"
# set PACK_PROJ    "${IP_REPO_BASE}/pack_proj"
# set RTL_FILES [list \
#     $RTL/axis_complex_mult.v \
#     $RTL/complex_mult_iq.v \
#     $RTL/complex_rotator.v \
#     $RTL/nco_phase_gen.v \
#     $RTL/frac_cfo_corrector_top.v \
#     $RTL/cp_autocorr_core.v \
#     $RTL/timing_metric_core.v \
#     $RTL/peak_detector.v \
#     $RTL/timing_sync_top.v \
#     $RTL/cordic_atan2.v \
#     $RTL/frac_cfo_estimator.v \
#     $RTL/timing_frac_cfo_top.v \
#     $RTL/iq_frame_buffer.v \
#     $RTL/frame_detector.v \
#     $RTL/frac_cfo_frame_corrector_top.v \
#     $RTL/frac_cfo_sync_control_s_axi.v \
#     $RTL/frac_cfo_sync_axi_stream_wrapper.v \
#     $RTL/frac_cfo_sync_bram_test_wrapper.v \
# ]
# puts "========================================================"
========================================================
# puts "Step 27 (v3): ZCU102 Block Design — IP packaging + HPM1 disable + addr fix"
Step 27 (v3): ZCU102 Block Design — IP packaging + HPM1 disable + addr fix
# puts "Part:    $PART"
Part:    xczu9eg-ffvb1156-2-e
# puts "BD:      $BD_NAME"
BD:      sync_phase1_bd
# puts "IP VLNV: $IP_VLNV"
IP VLNV: zealatan.local:user:frac_cfo_sync_bram_test_wrapper:1.0
# puts "No ILA | No DMA | No implementation"
No ILA | No DMA | No implementation
# puts "========================================================"
========================================================
# file mkdir $RPTS
# file mkdir $IP_REPO_BASE
# puts ""

# puts "--- PHASE 1: Packaging $WRAP_MOD as local IP ---"
--- PHASE 1: Packaging frac_cfo_sync_bram_test_wrapper as local IP ---
# if {[file exists $IP_ROOT]} {
#     file delete -force $IP_ROOT
#     puts "INFO: Removed previous IP at $IP_ROOT"
# }
# if {[file exists $PACK_PROJ]} {
#     file delete -force $PACK_PROJ
# }
# puts "INFO: Creating packaging project..."
INFO: Creating packaging project...
# create_project -force ip_pack_proj $PACK_PROJ -part $PART
create_project: Time (s): cpu = 00:00:15 ; elapsed = 00:00:27 . Memory (MB): peak = 379.062 ; gain = 69.277
# set_property target_language    Verilog [current_project]
# set_property source_mgmt_mode   All     [current_project]
# add_files $RTL_FILES
# set_property top $WRAP_MOD [get_fileset sources_1]
# update_compile_order -fileset sources_1
# puts "INFO: Top module set to $WRAP_MOD"
INFO: Top module set to frac_cfo_sync_bram_test_wrapper
# puts "INFO: Running ipx::package_project..."
INFO: Running ipx::package_project...
# ipx::package_project \
#     -root_dir        $IP_ROOT \
#     -vendor          $IP_VENDOR \
#     -library         $IP_LIBRARY \
#     -taxonomy        {/UserIP} \
#     -import_files
WARNING: [IP_Flow 19-3833] Unreferenced file from the top module is not packaged: 'C:/RTL_SYNC/rtl/frac_cfo_sync_control_s_axi.v'.
WARNING: [IP_Flow 19-3833] Unreferenced file from the top module is not packaged: 'C:/RTL_SYNC/rtl/frac_cfo_sync_axi_stream_wrapper.v'.
WARNING: [IP_Flow 19-587] [HDL Parser] HDL port or parameter 'input_mem' has a dependency on the module local parameter or undefined parameter 'MEM_DEPTH'.
WARNING: [IP_Flow 19-587] [HDL Parser] HDL port or parameter 'output_mem' has a dependency on the module local parameter or undefined parameter 'MEM_DEPTH'.
WARNING: [IP_Flow 19-587] [HDL Parser] HDL port or parameter 'debug_state_word' has a dependency on the module local parameter or undefined parameter 'SNK_CAPTURE'.
WARNING: [IP_Flow 19-587] [HDL Parser] HDL port or parameter 'debug_state_word' has a dependency on the module local parameter or undefined parameter 'SRC_DONE'.
WARNING: [IP_Flow 19-587] [HDL Parser] HDL port or parameter 'debug_state_word' has a dependency on the module local parameter or undefined parameter 'SRC_STREAM'.
INFO: [IP_Flow 19-234] Refreshing IP repositories
INFO: [IP_Flow 19-1704] No user IP repositories specified
INFO: [IP_Flow 19-2313] Loaded Vivado IP repository 'C:/Xilinx/Vivado/2022.2/data/ip'.
INFO: [IP_Flow 19-5107] Inferred bus interface 's_axi' of definition 'xilinx.com:interface:aximm:1.0' (from Xilinx Repository).
INFO: [IP_Flow 19-5107] Inferred bus interface 'aresetn' of definition 'xilinx.com:signal:reset:1.0' (from Xilinx Repository).
INFO: [IP_Flow 19-5107] Inferred bus interface 'aclk' of definition 'xilinx.com:signal:clock:1.0' (from Xilinx Repository).
INFO: [IP_Flow 19-4728] Bus Interface 'aresetn': Added interface parameter 'POLARITY' with value 'ACTIVE_LOW'.
INFO: [IP_Flow 19-4728] Bus Interface 'aclk': Added interface parameter 'ASSOCIATED_BUSIF' with value 's_axi'.
INFO: [IP_Flow 19-4728] Bus Interface 'aclk': Added interface parameter 'ASSOCIATED_RESET' with value 'aresetn'.
INFO: [IP_Flow 19-2181] Payment Required is not set for this core.
INFO: [IP_Flow 19-2187] The Product Guide file is missing.
ipx::package_project: Time (s): cpu = 00:00:05 ; elapsed = 00:00:09 . Memory (MB): peak = 430.277 ; gain = 16.617
# set_property name            $IP_NAME    [ipx::current_core]
# set_property version         $IP_VERSION [ipx::current_core]
# set_property core_revision   1           [ipx::current_core]
# set_property display_name    "Frac CFO Sync BRAM Test Wrapper" [ipx::current_core]
# set_property description \
#     "Phase 1 OFDM synchronizer: AXI-Lite BRAM preload/readback wrapper \
#      for frac_cfo_frame_corrector_top. \
#      Reg map 0x0000-0x0028, input_mem 0x1000-0x1FFF, output_mem 0x2000-0x2FFF." \
#     [ipx::current_core]
# set_property vendor_display_name $IP_VENDOR [ipx::current_core]
# puts "INFO: IP metadata set."
INFO: IP metadata set.
# set axi_ifs [ipx::get_bus_interfaces -of_objects [ipx::current_core]]
# puts "INFO: Inferred bus interfaces: $axi_ifs"
INFO: Inferred bus interfaces: bus_interface component_1 s_axi bus_interface component_1 aresetn bus_interface component_1 aclk
# set saxi_if [lsearch -nocase -inline $axi_ifs "*axi*"]
# if {$saxi_if ne ""} {
#     puts "INFO: AXI interface found: $saxi_if"
#     # Normalize to uppercase S_AXI for consistency
#     set saxi_name [string toupper $saxi_if]
# } else {
#     puts "INFO: AXI interface not auto-inferred — adding S_AXI manually..."
#     set saxi_name "S_AXI"
#     set s_axi_intf [ipx::add_bus_interface S_AXI [ipx::current_core]]
#     set_property abstraction_type_vlnv xilinx.com:interface:aximm_rtl:1.0 $s_axi_intf
#     set_property bus_type_vlnv         xilinx.com:interface:aximm:1.0     $s_axi_intf
#     set_property interface_mode        slave                               $s_axi_intf
#     # Port mapping
#     foreach {sig port} {
#         AWADDR  s_axi_awaddr
#         AWVALID s_axi_awvalid
#         AWREADY s_axi_awready
#         WDATA   s_axi_wdata
#         WSTRB   s_axi_wstrb
#         WVALID  s_axi_wvalid
#         WREADY  s_axi_wready
#         BRESP   s_axi_bresp
#         BVALID  s_axi_bvalid
#         BREADY  s_axi_bready
#         ARADDR  s_axi_araddr
#         ARVALID s_axi_arvalid
#         ARREADY s_axi_arready
#         RDATA   s_axi_rdata
#         RRESP   s_axi_rresp
#         RVALID  s_axi_rvalid
#         RREADY  s_axi_rready
#     } {
#         set pm [ipx::add_port_map $sig $s_axi_intf]
#         set_property physical_name $port $pm
#     }
#     puts "INFO: S_AXI interface manually defined."
# }
INFO: AXI interface found: bus_interface component_1 s_axi
# if {[catch {
#     ipx::associate_bus_interfaces \
#         -busif  S_AXI \
#         -clock  aclk  \
#         [ipx::current_core]
#     puts "INFO: aclk associated with S_AXI."
# } assoc_err]} {
#     puts "WARNING: Could not auto-associate aclk with S_AXI: $assoc_err"
#     puts "         Clock association can be set manually in Vivado GUI."
# }
INFO: aclk associated with S_AXI.
# if {[catch {ipx::check_integrity -quiet [ipx::current_core]} chk_err]} {
#     puts "WARNING: ipx::check_integrity: $chk_err"
# }
# ipx::save_core [ipx::current_core]
# puts "INFO: IP saved to $IP_ROOT"
INFO: IP saved to vivado/ip_repo/frac_cfo_sync_bram_test_wrapper_1_0
# close_project
# puts "INFO: Packaging project closed."
INFO: Packaging project closed.
# puts "--- PHASE 1 COMPLETE ---"
--- PHASE 1 COMPLETE ---
# puts ""

# puts "--- PHASE 2: Creating ZCU102 block design ---"
--- PHASE 2: Creating ZCU102 block design ---
# if {[file exists "${PROJ_DIR}/${PROJ_NAME}.xpr"]} {
#     file delete -force $PROJ_DIR
#     puts "INFO: Removed previous project at $PROJ_DIR"
# }
# create_project $PROJ_NAME $PROJ_DIR -part $PART -force
create_project: Time (s): cpu = 00:00:01 ; elapsed = 00:00:07 . Memory (MB): peak = 430.277 ; gain = 0.000
# set_property default_lib     work    [current_project]
# set_property target_language Verilog [current_project]
# if {[catch {set_property board_part $BOARD_PART [current_project]} brd_err]} {
#     puts "INFO: Board part '$BOARD_PART' not found — continuing without board preset."
#     set board_available 0
# } else {
#     puts "INFO: ZCU102 board part loaded."
#     set board_available 1
# }
INFO: ZCU102 board part loaded.
# set_property ip_repo_paths [list [file normalize $IP_ROOT]] [current_project]
# update_ip_catalog -rebuild
INFO: [IP_Flow 19-234] Refreshing IP repositories
INFO: [IP_Flow 19-1700] Loaded user IP repository 'c:/RTL_SYNC/vivado/ip_repo/frac_cfo_sync_bram_test_wrapper_1_0'.
INFO: [IP_Flow 19-2313] Loaded Vivado IP repository 'C:/Xilinx/Vivado/2022.2/data/ip'.
# puts "INFO: IP catalog updated with local repo: $IP_ROOT"
INFO: IP catalog updated with local repo: vivado/ip_repo/frac_cfo_sync_bram_test_wrapper_1_0
# set found_ip [get_ipdefs -filter "VLNV == $IP_VLNV"]
# if {[llength $found_ip] > 0} {
#     puts "INFO: Custom IP found in catalog: $found_ip"
# } else {
#     puts "WARNING: Custom IP '$IP_VLNV' not found in catalog."
#     puts "         Verify $IP_ROOT/component.xml exists and is valid."
# }
INFO: Custom IP found in catalog: zealatan.local:user:frac_cfo_sync_bram_test_wrapper:1.0
# puts "INFO: Creating block design '$BD_NAME'..."
INFO: Creating block design 'sync_phase1_bd'...
# create_bd_design $BD_NAME
Wrote  : <C:\RTL_SYNC\vivado\step27_zcu102_bd\step27_zcu102_bd.srcs\sources_1\bd\sync_phase1_bd\sync_phase1_bd.bd> 
# current_bd_design $BD_NAME
# puts "INFO: Adding Zynq UltraScale+ MPSoC..."
INFO: Adding Zynq UltraScale+ MPSoC...
create_bd_cell: Time (s): cpu = 00:00:08 ; elapsed = 00:00:10 . Memory (MB): peak = 607.391 ; gain = 170.816
# set ps [create_bd_cell -type ip \
#     -vlnv xilinx.com:ip:zynq_ultra_ps_e:* \
#     zynq_ultra_ps_e_0]
# set bd_auto_ok 0
# if {$board_available} {
#     if {[catch {
#         apply_bd_automation \
#             -rule xilinx.com:bd_rule:zynq_ultra_ps_e \
#             -config {apply_board_preset "1"} \
#             [get_bd_cells zynq_ultra_ps_e_0]
#         set bd_auto_ok 1
#         puts "INFO: Board automation applied."
#     } auto_err]} {
#         puts "INFO: Board automation unavailable ($auto_err) — using manual config."
#     }
# }
INFO: [PSU-1]  DP_AUDIO clock source: RPLL is also being used by other peripheral clocks. Their outputs may get impacted if any driver changes DP_AUDIO PLL source to support runtime audio change 
INFO: Board automation applied.
# set_property CONFIG.PSU__USE__M_AXI_GP0              {1}   $ps
# set_property CONFIG.PSU__USE__M_AXI_GP1              {0}   $ps
INFO: [PSU-1]  DP_AUDIO clock source: RPLL is also being used by other peripheral clocks. Their outputs may get impacted if any driver changes DP_AUDIO PLL source to support runtime audio change 
# set_property CONFIG.PSU__FPGA_PL0_ENABLE             {1}   $ps
# set_property CONFIG.PSU__CRL_APB__PL0_REF_CTRL__FREQMHZ {100} $ps
# puts "INFO: PS configured: HPM0 FPD enabled, HPM1 FPD disabled, FCLK0 = 100 MHz."
INFO: PS configured: HPM0 FPD enabled, HPM1 FPD disabled, FCLK0 = 100 MHz.
# puts "INFO: Adding proc_sys_reset..."
INFO: Adding proc_sys_reset...
# set rst0 [create_bd_cell -type ip \
#     -vlnv xilinx.com:ip:proc_sys_reset:* \
#     proc_sys_reset_0]
# set const1 [create_bd_cell -type ip \
#     -vlnv xilinx.com:ip:xlconstant:* \
#     xlconstant_0]
# set_property CONFIG.CONST_VAL   {1} $const1
# set_property CONFIG.CONST_WIDTH {1} $const1
# puts "INFO: Adding AXI SmartConnect..."
INFO: Adding AXI SmartConnect...
# set sc [create_bd_cell -type ip \
#     -vlnv xilinx.com:ip:smartconnect:* \
#     axi_smc]
# set_property CONFIG.NUM_SI   {1} $sc
# set_property CONFIG.NUM_CLKS {1} $sc
# puts "INFO: Adding $IP_VLNV as $WRAP_CELL..."
INFO: Adding zealatan.local:user:frac_cfo_sync_bram_test_wrapper:1.0 as wrapper_0...
# set wrap [create_bd_cell -type ip -vlnv $IP_VLNV $WRAP_CELL]
# puts "INFO: Interfaces on $WRAP_CELL:"
INFO: Interfaces on wrapper_0:
# foreach pin [get_bd_intf_pins ${WRAP_CELL}/*] {
#     puts "  $pin"
# }
  /wrapper_0/s_axi
# puts "INFO: Connecting clocks..."
INFO: Connecting clocks...
# connect_bd_net \
#     [get_bd_pins zynq_ultra_ps_e_0/pl_clk0] \
#     [get_bd_pins zynq_ultra_ps_e_0/maxihpm0_fpd_aclk]
# connect_bd_net \
#     [get_bd_pins zynq_ultra_ps_e_0/pl_clk0] \
#     [get_bd_pins proc_sys_reset_0/slowest_sync_clk]
# connect_bd_net \
#     [get_bd_pins zynq_ultra_ps_e_0/pl_clk0] \
#     [get_bd_pins axi_smc/aclk]
# connect_bd_net \
#     [get_bd_pins zynq_ultra_ps_e_0/pl_clk0] \
#     [get_bd_pins ${WRAP_CELL}/aclk]
# puts "INFO: Connecting resets..."
INFO: Connecting resets...
# connect_bd_net \
#     [get_bd_pins zynq_ultra_ps_e_0/pl_resetn0] \
#     [get_bd_pins proc_sys_reset_0/ext_reset_in]
# connect_bd_net \
#     [get_bd_pins xlconstant_0/dout] \
#     [get_bd_pins proc_sys_reset_0/dcm_locked]
# connect_bd_net \
#     [get_bd_pins proc_sys_reset_0/peripheral_aresetn] \
#     [get_bd_pins axi_smc/aresetn]
# connect_bd_net \
#     [get_bd_pins proc_sys_reset_0/peripheral_aresetn] \
#     [get_bd_pins ${WRAP_CELL}/aresetn]
# puts "INFO: Connecting AXI interfaces..."
INFO: Connecting AXI interfaces...
# set wrap_axi_intf ""
# foreach intf_pin [get_bd_intf_pins ${WRAP_CELL}/*] {
#     set mode [get_property MODE $intf_pin]
#     set vlnv [get_property VLNV $intf_pin]
#     if {[string match "*aximm*" $vlnv] && $mode eq "Slave"} {
#         set wrap_axi_intf $intf_pin
#         puts "INFO: Found AXI slave interface on wrapper: $intf_pin"
#         break
#     }
# }
INFO: Found AXI slave interface on wrapper: /wrapper_0/s_axi
# if {$wrap_axi_intf eq ""} {
#     puts "ERROR: No AXI-Lite slave interface found on $WRAP_CELL."
#     puts "       Available interfaces:"
#     foreach pin [get_bd_intf_pins ${WRAP_CELL}/*] {
#         puts "         $pin  mode=[get_property MODE $pin]  vlnv=[get_property VLNV $pin]"
#     }
#     puts "       Check IP packaging: s_axi_* ports must be mapped to an AXI-MM interface."
#     puts "       Script will continue but AXI connection will be missing."
# } else {
#     connect_bd_intf_net \
#         [get_bd_intf_pins zynq_ultra_ps_e_0/M_AXI_HPM0_FPD] \
#         [get_bd_intf_pins axi_smc/S00_AXI]
#     connect_bd_intf_net \
#         [get_bd_intf_pins axi_smc/M00_AXI] \
#         [get_bd_intf_pins $wrap_axi_intf]
#     puts "INFO: AXI chain connected: PS -> SmartConnect -> $wrap_axi_intf"
# }
INFO: AXI chain connected: PS -> SmartConnect -> /wrapper_0/s_axi
# puts "INFO: Assigning addresses..."
INFO: Assigning addresses...
# set slave_segs [get_bd_addr_segs -of_objects [get_bd_intf_pins ${WRAP_CELL}/*]]
# set addr_ok 0
# if {[llength $slave_segs] > 0} {
#     set slave_seg [lindex $slave_segs 0]
#     if {[catch {
#         assign_bd_address \
#             -offset $WRAP_BASE \
#             -range  64K \
#             $slave_seg
#         set addr_ok 1
#         puts "INFO: Address assigned: offset=$WRAP_BASE range=64K"
#     } addr_err]} {
#         puts "WARNING: Targeted assign_bd_address failed: $addr_err"
#         puts "INFO: Falling back to auto-assign..."
#     }
# }
Slave segment '/wrapper_0/s_axi/reg0' is being assigned into address space '/zynq_ultra_ps_e_0/Data' at <0xA000_0000 [ 64K ]>.
INFO: Address assigned: offset=0xA0000000 range=64K
# if {!$addr_ok} {
#     catch {assign_bd_address} ae
#     puts "INFO: Auto-assigned addresses. Verify $WRAP_BASE in Vivado GUI."
# }
# puts "INFO: Validating block design..."
INFO: Validating block design...
# if {[catch {validate_bd_design} vld_err]} {
#     puts "WARNING: validate_bd_design: $vld_err"
#     puts "INFO: Continuing — check messages for critical vs. advisory."
# } else {
#     puts "INFO: Block design validated OK."
# }
INFO: [PSU-1]  DP_AUDIO clock source: RPLL is also being used by other peripheral clocks. Their outputs may get impacted if any driver changes DP_AUDIO PLL source to support runtime audio change 
INFO: [xilinx.com:ip:smartconnect:1.0-1] sync_phase1_bd_axi_smc_0: SmartConnect sync_phase1_bd_axi_smc_0 is in Low-Area Mode.
WARNING: [xilinx.com:ip:smartconnect:1.0-1] sync_phase1_bd_axi_smc_0: IP sync_phase1_bd_axi_smc_0 is configured in Low-area mode as all propagated traffic is low-bandwidth (AXI4LITE). SI S00_AXI has property HAS_BURST == 1. WRAP bursts are not supported in Low-area mode and will result in DECERR if received.
WARNING: [xilinx.com:ip:smartconnect:1.0-1] sync_phase1_bd_axi_smc_0: If WRAP transactions are required then turn off Low-area mode using ADVANCED_PROPERTIES. Execute following: set_property CONFIG.ADVANCED_PROPERTIES {__experimental_features__ {disable_low_area_mode 1}} [get_bd_cells /sync_phase1_bd_axi_smc_0]
CRITICAL WARNING: [BD 41-1732] Bus interface '/wrapper_0/s_axi' is found to be associated with multiple clock-pins. This may prevent design from functioning correctly. List of associated clock-pins:
/wrapper_0/aclk
/wrapper_0/aclk

.
WARNING: [BD 41-927] Following properties on pin /wrapper_0/aclk have been updated from connected ip, but BD cell '/wrapper_0' does not accept parameter changes, so they may not be synchronized with cell properties:
	FREQ_HZ = 99990005 
Please resolve any mismatches by directly setting properties on BD cell </wrapper_0> to completely resolve these warnings.
validate_bd_design: Time (s): cpu = 00:00:04 ; elapsed = 00:00:07 . Memory (MB): peak = 628.961 ; gain = 21.570
INFO: Block design validated OK.
# save_bd_design
Wrote  : <C:\RTL_SYNC\vivado\step27_zcu102_bd\step27_zcu102_bd.srcs\sources_1\bd\sync_phase1_bd\sync_phase1_bd.bd> 
# puts "INFO: Block design saved."
INFO: Block design saved.
# puts "INFO: Creating HDL wrapper..."
INFO: Creating HDL wrapper...
# set bd_file_list [get_files ${BD_NAME}.bd]
# if {[llength $bd_file_list] > 0} {
#     set wrapper_file [make_wrapper -files [lindex $bd_file_list 0] -top]
#     add_files -norecurse $wrapper_file
#     set_property top ${BD_NAME}_wrapper [current_fileset]
#     update_compile_order -fileset sources_1
#     puts "INFO: HDL wrapper '${BD_NAME}_wrapper' set as top."
# } else {
#     puts "WARNING: BD file not found — HDL wrapper not created."
# }
INFO: [BD 41-1662] The design 'sync_phase1_bd.bd' is already validated. Therefore parameter propagation will not be re-run.
Verilog Output written to : C:/RTL_SYNC/vivado/step27_zcu102_bd/step27_zcu102_bd.gen/sources_1/bd/sync_phase1_bd/synth/sync_phase1_bd.v
Verilog Output written to : C:/RTL_SYNC/vivado/step27_zcu102_bd/step27_zcu102_bd.gen/sources_1/bd/sync_phase1_bd/sim/sync_phase1_bd.v
Verilog Output written to : C:/RTL_SYNC/vivado/step27_zcu102_bd/step27_zcu102_bd.gen/sources_1/bd/sync_phase1_bd/hdl/sync_phase1_bd_wrapper.v
make_wrapper: Time (s): cpu = 00:00:05 ; elapsed = 00:00:10 . Memory (MB): peak = 870.859 ; gain = 241.898
INFO: HDL wrapper 'sync_phase1_bd_wrapper' set as top.
# puts "INFO: Generating output products..."
INFO: Generating output products...
# if {[catch {
#     generate_target all [get_files ${BD_NAME}.bd]
# } gen_err]} {
#     puts "WARNING: generate_target: $gen_err"
# }
INFO: [BD 41-1662] The design 'sync_phase1_bd.bd' is already validated. Therefore parameter propagation will not be re-run.
Verilog Output written to : C:/RTL_SYNC/vivado/step27_zcu102_bd/step27_zcu102_bd.gen/sources_1/bd/sync_phase1_bd/synth/sync_phase1_bd.v
Verilog Output written to : C:/RTL_SYNC/vivado/step27_zcu102_bd/step27_zcu102_bd.gen/sources_1/bd/sync_phase1_bd/sim/sync_phase1_bd.v
Verilog Output written to : C:/RTL_SYNC/vivado/step27_zcu102_bd/step27_zcu102_bd.gen/sources_1/bd/sync_phase1_bd/hdl/sync_phase1_bd_wrapper.v
INFO: [xilinx.com:ip:zynq_ultra_ps_e:3.4-0] sync_phase1_bd_zynq_ultra_ps_e_0_0: 
Changes in your design (including the PCW configuration settings) are not automatically exported from Vivado to Xilinx's SDK, Petalinux or Yocto.
This is by design to avoid disrupting existing embedded development efforts. To have any changes of your design taking effect in the embedded software flow please export your
design by going through Vivado's main menu, click on File, then Export finally select Export Hardware, please ensure you click on the Include BitStream option.
The auto-generated HDF file is all you need to import in Xilinx's SDK, Petalinux or Yocto for your changes to be reflected in the Embedded Software Flow.
For more information, please consult PG201, section: Exporting PCW Settings to Embedded Software Flows
INFO: [PSU-0] Address Range of DDR (0x7ff00000 to 0x7fffffff) is reserved by PMU for internal purpose.
INFO: [IP_Flow 19-5611] Unable to find an associated reset port for the interface 'M_AXI_HPM0_FPD'. A default connection has been created.
INFO: [BD 41-1029] Generation completed for the IP Integrator block zynq_ultra_ps_e_0 .
INFO: [BD 41-1029] Generation completed for the IP Integrator block proc_sys_reset_0 .
INFO: [BD 41-1029] Generation completed for the IP Integrator block xlconstant_0 .
Exporting to file c:/RTL_SYNC/vivado/step27_zcu102_bd/step27_zcu102_bd.gen/sources_1/bd/sync_phase1_bd/ip/sync_phase1_bd_axi_smc_0/bd_0/hw_handoff/sync_phase1_bd_axi_smc_0.hwh
Generated Hardware Definition File c:/RTL_SYNC/vivado/step27_zcu102_bd/step27_zcu102_bd.gen/sources_1/bd/sync_phase1_bd/ip/sync_phase1_bd_axi_smc_0/bd_0/synth/sync_phase1_bd_axi_smc_0.hwdef
INFO: [BD 41-1029] Generation completed for the IP Integrator block axi_smc .
INFO: [BD 41-1029] Generation completed for the IP Integrator block wrapper_0 .
Exporting to file C:/RTL_SYNC/vivado/step27_zcu102_bd/step27_zcu102_bd.gen/sources_1/bd/sync_phase1_bd/hw_handoff/sync_phase1_bd.hwh
Generated Hardware Definition File C:/RTL_SYNC/vivado/step27_zcu102_bd/step27_zcu102_bd.gen/sources_1/bd/sync_phase1_bd/synth/sync_phase1_bd.hwdef
generate_target: Time (s): cpu = 00:01:17 ; elapsed = 00:01:33 . Memory (MB): peak = 934.812 ; gain = 63.953
# puts ""

# puts "========================================================"
========================================================
# puts "Step 27 (v3) COMPLETE."
Step 27 (v3) COMPLETE.
# puts ""

# puts "IP packaged: $IP_VLNV"
IP packaged: zealatan.local:user:frac_cfo_sync_bram_test_wrapper:1.0
# puts "IP repo:     $IP_ROOT"
IP repo:     vivado/ip_repo/frac_cfo_sync_bram_test_wrapper_1_0
# puts "Project:     ${PROJ_DIR}/${PROJ_NAME}.xpr"
Project:     vivado/step27_zcu102_bd/step27_zcu102_bd.xpr
# puts "BD:          $BD_NAME"
BD:          sync_phase1_bd
# puts "Top:         ${BD_NAME}_wrapper"
Top:         sync_phase1_bd_wrapper
# puts "Address:     $WRAP_BASE (range $WRAP_RANGE)"
Address:     0xA0000000 (range 64K)
# puts ""

# puts "No synthesis, no implementation, no bitstream."
No synthesis, no implementation, no bitstream.
# puts "RTL not modified."
RTL not modified.
# puts ""

# puts "Open in Vivado GUI to verify BD:"
Open in Vivado GUI to verify BD:
# puts "  vivado.bat ${PROJ_DIR}/${PROJ_NAME}.xpr"
  vivado.bat vivado/step27_zcu102_bd/step27_zcu102_bd.xpr
# puts ""

# puts "Step 28: synthesis + implementation + bitstream + XSA"
Step 28: synthesis + implementation + bitstream + XSA
# puts "========================================================"
========================================================
# exit 0
INFO: [Common 17-206] Exiting Vivado at Thu May  7 21:30:58 2026...
