Copyright 1986-2022 Xilinx, Inc. All Rights Reserved.
---------------------------------------------------------------------------------------------
| Tool Version : Vivado v.2022.2 (win64) Build 3671981 Fri Oct 14 05:00:03 MDT 2022
| Date         : Thu May  7 22:25:34 2026
| Host         : DESKTOP-FAIRVEG running 64-bit major release  (build 9200)
| Command      : report_utilization -file reports/step28/step28_synth_utilization.rpt -quiet
| Design       : sync_phase1_bd_wrapper
| Device       : xczu9eg-ffvb1156-2-e
| Speed File   : -2
| Design State : Synthesized
---------------------------------------------------------------------------------------------

Utilization Design Information

Table of Contents
-----------------
1. CLB Logic
1.1 Summary of Registers by Type
2. BLOCKRAM
3. ARITHMETIC
4. I/O
5. CLOCK
6. ADVANCED
7. CONFIGURATION
8. Primitives
9. Black Boxes
10. Instantiated Netlists

1. CLB Logic
------------

+----------------------------+-------+-------+------------+-----------+-------+
|          Site Type         |  Used | Fixed | Prohibited | Available | Util% |
+----------------------------+-------+-------+------------+-----------+-------+
| CLB LUTs*                  | 19768 |     0 |          0 |    274080 |  7.21 |
|   LUT as Logic             | 11892 |     0 |          0 |    274080 |  4.34 |
|   LUT as Memory            |  7876 |     0 |          0 |    144000 |  5.47 |
|     LUT as Distributed RAM |  7841 |     0 |            |           |       |
|     LUT as Shift Register  |    35 |     0 |            |           |       |
| CLB Registers              | 27838 |     0 |          0 |    548160 |  5.08 |
|   Register as Flip Flop    | 27838 |     0 |          0 |    548160 |  5.08 |
|   Register as Latch        |     0 |     0 |          0 |    548160 |  0.00 |
| CARRY8                     |   251 |     0 |          0 |     34260 |  0.73 |
| F7 Muxes                   |  4866 |     0 |          0 |    137040 |  3.55 |
| F8 Muxes                   |  2432 |     0 |          0 |     68520 |  3.55 |
| F9 Muxes                   |     0 |     0 |          0 |     34260 |  0.00 |
+----------------------------+-------+-------+------------+-----------+-------+
* Warning! The Final LUT count, after physical optimizations and full implementation, is typically lower. Run opt_design after synthesis, if not already completed, for a more realistic count.
Warning! LUT value is adjusted to account for LUT combining.


1.1 Summary of Registers by Type
--------------------------------

+-------+--------------+-------------+--------------+
| Total | Clock Enable | Synchronous | Asynchronous |
+-------+--------------+-------------+--------------+
| 0     |            _ |           - |            - |
| 0     |            _ |           - |          Set |
| 0     |            _ |           - |        Reset |
| 0     |            _ |         Set |            - |
| 0     |            _ |       Reset |            - |
| 0     |          Yes |           - |            - |
| 0     |          Yes |           - |          Set |
| 267   |          Yes |           - |        Reset |
| 27    |          Yes |         Set |            - |
| 27544 |          Yes |       Reset |            - |
+-------+--------------+-------------+--------------+


2. BLOCKRAM
-----------

+-------------------+------+-------+------------+-----------+-------+
|     Site Type     | Used | Fixed | Prohibited | Available | Util% |
+-------------------+------+-------+------------+-----------+-------+
| Block RAM Tile    |    1 |     0 |          0 |       912 |  0.11 |
|   RAMB36/FIFO*    |    0 |     0 |          0 |       912 |  0.00 |
|   RAMB18          |    2 |     0 |          0 |      1824 |  0.11 |
|     RAMB18E2 only |    2 |       |            |           |       |
+-------------------+------+-------+------------+-----------+-------+
* Note: Each Block RAM Tile only has one FIFO logic available and therefore can accommodate only one FIFO36E2 or one FIFO18E2. However, if a FIFO18E2 occupies a Block RAM Tile, that tile can still accommodate a RAMB18E2


3. ARITHMETIC
-------------

+----------------+------+-------+------------+-----------+-------+
|    Site Type   | Used | Fixed | Prohibited | Available | Util% |
+----------------+------+-------+------------+-----------+-------+
| DSPs           |   17 |     0 |          0 |      2520 |  0.67 |
|   DSP48E2 only |   17 |       |            |           |       |
+----------------+------+-------+------------+-----------+-------+


4. I/O
------

+------------+------+-------+------------+-----------+-------+
|  Site Type | Used | Fixed | Prohibited | Available | Util% |
+------------+------+-------+------------+-----------+-------+
| Bonded IOB |    0 |     0 |          0 |       328 |  0.00 |
+------------+------+-------+------------+-----------+-------+


5. CLOCK
--------

+----------------------+------+-------+------------+-----------+-------+
|       Site Type      | Used | Fixed | Prohibited | Available | Util% |
+----------------------+------+-------+------------+-----------+-------+
| GLOBAL CLOCK BUFFERs |    1 |     0 |          0 |       404 |  0.25 |
|   BUFGCE             |    0 |     0 |          0 |       116 |  0.00 |
|   BUFGCE_DIV         |    0 |     0 |          0 |        16 |  0.00 |
|   BUFG_GT            |    0 |     0 |          0 |       168 |  0.00 |
|   BUFG_PS            |    1 |     0 |          0 |        72 |  1.39 |
|   BUFGCTRL*          |    0 |     0 |          0 |        32 |  0.00 |
| PLL                  |    0 |     0 |          0 |         8 |  0.00 |
| MMCM                 |    0 |     0 |          0 |         4 |  0.00 |
+----------------------+------+-------+------------+-----------+-------+
* Note: Each used BUFGCTRL counts as two GLOBAL CLOCK BUFFERs. This table does not include global clocking resources, only buffer cell usage. See the Clock Utilization Report (report_clock_utilization) for detailed accounting of global clocking resource availability.


6. ADVANCED
-----------

+-----------------+------+-------+------------+-----------+--------+
|    Site Type    | Used | Fixed | Prohibited | Available |  Util% |
+-----------------+------+-------+------------+-----------+--------+
| GTHE4_CHANNEL   |    0 |     0 |          0 |        24 |   0.00 |
| GTHE4_COMMON    |    0 |     0 |          0 |         6 |   0.00 |
| OBUFDS_GTE4     |    0 |     0 |          0 |        12 |   0.00 |
| OBUFDS_GTE4_ADV |    0 |     0 |          0 |        12 |   0.00 |
| PS8             |    1 |     0 |          0 |         1 | 100.00 |
| SYSMONE4        |    0 |     0 |          0 |         1 |   0.00 |
+-----------------+------+-------+------------+-----------+--------+


7. CONFIGURATION
----------------

+-------------+------+-------+------------+-----------+-------+
|  Site Type  | Used | Fixed | Prohibited | Available | Util% |
+-------------+------+-------+------------+-----------+-------+
| BSCANE2     |    0 |     0 |          0 |         4 |  0.00 |
| DNA_PORTE2  |    0 |     0 |          0 |         1 |  0.00 |
| EFUSE_USR   |    0 |     0 |          0 |         1 |  0.00 |
| FRAME_ECCE4 |    0 |     0 |          0 |         1 |  0.00 |
| ICAPE3      |    0 |     0 |          0 |         2 |  0.00 |
| MASTER_JTAG |    0 |     0 |          0 |         1 |  0.00 |
| STARTUPE3   |    0 |     0 |          0 |         1 |  0.00 |
+-------------+------+-------+------------+-----------+-------+


8. Primitives
-------------

+----------+-------+---------------------+
| Ref Name |  Used | Functional Category |
+----------+-------+---------------------+
| FDRE     | 27544 |            Register |
| LUT6     |  8733 |                 CLB |
| RAMD64E  |  7808 |                 CLB |
| MUXF7    |  4866 |                 CLB |
| MUXF8    |  2432 |                 CLB |
| LUT3     |  1207 |                 CLB |
| LUT2     |   981 |                 CLB |
| LUT5     |   696 |                 CLB |
| LUT1     |   537 |                 CLB |
| LUT4     |   371 |                 CLB |
| FDCE     |   267 |            Register |
| CARRY8   |   251 |                 CLB |
| SRL16E   |    35 |                 CLB |
| RAMS64E  |    33 |                 CLB |
| FDSE     |    27 |            Register |
| DSP48E2  |    17 |          Arithmetic |
| RAMB18E2 |     2 |            BLOCKRAM |
| PS8      |     1 |            Advanced |
| BUFG_PS  |     1 |               Clock |
+----------+-------+---------------------+


9. Black Boxes
--------------

+----------+------+
| Ref Name | Used |
+----------+------+


10. Instantiated Netlists
-------------------------

+------------------------------------+------+
|              Ref Name              | Used |
+------------------------------------+------+
| sync_phase1_bd_zynq_ultra_ps_e_0_0 |    1 |
| sync_phase1_bd_wrapper_0_0         |    1 |
| sync_phase1_bd_proc_sys_reset_0_0  |    1 |
| sync_phase1_bd_axi_smc_0           |    1 |
+------------------------------------+------+


