
****** xsim v2022.2 (64-bit)
  **** SW Build 3671981 on Fri Oct 14 04:59:54 MDT 2022
  **** IP Build 3669848 on Fri Oct 14 08:30:02 MDT 2022
    ** Copyright 1986-2022 Xilinx, Inc. All Rights Reserved.

source xsim.dir/frac_cfo_frame_corrector_top_tb_sim/xsim_script.tcl
# xsim {frac_cfo_frame_corrector_top_tb_sim} -autoloadwcfg -runall
Time resolution is 1 ps
run -all

--- T1: Reset ---
[PASS] T1 done=0
[PASS] T1 busy=0
[PASS] T1 frame_error=0

--- T2: Happy path (8 quiet + 100 signal) ---
[PASS] T2 busy=1 after start
[PASS] T2 done fires
[PASS] T2 frame_found
[PASS] T2 frame_error=0
[PASS] T2 frac_phase_valid seen
[PASS] T2 frac_phase=0 = 0
[PASS] T2 busy=0 after done

--- T3: m_axis count and tlast ---
[PASS] T3 m_axis sample count = 20
[PASS] T3 tlast on last sample = 19
[PASS] T3 m_axis_tvalid fires

--- T4: m_axis sample values (zero CFO, signal region) ---
[PASS] T4 samples[1] I=99 = 99
[PASS] T4 samples[1] Q=0 = 0
[PASS] T4 samples[2] I=99 = 99
[PASS] T4 samples[2] Q=0 = 0
[PASS] T4 most samples I=99

--- T5: Frame not found (max threshold) ---
[PASS] T5 done fires
[PASS] T5 frame_found=0
[PASS] T5 frame_error=1
[PASS] T5 frac_phase_valid=0
[PASS] T5 busy=0 after done
[PASS] T5 m_axis idle

--- T6: done pulse width = 1 clock ---
[PASS] T6 done=1 at done cycle
[PASS] T6 done=0 next cycle

--- T7: busy timeline ---
[PASS] T7 busy=0 before start
[PASS] T7 busy=1 during run
[PASS] T7 done=1 at transition
[PASS] T7 busy=0 at done

--- T8: frame_index stable after done ---
[PASS] T8 frame_index nonzero = 5 (nonzero)
[PASS] T8 frame_index stable = 5

--- T9: peak_lag stable after done ---
[PASS] T9 peak_lag stable = 2
[PASS] T9 frac_phase_valid seen

--- T10: Back-to-back runs ---
[PASS] T10 second done fires
[PASS] T10 frame_found again
[PASS] T10 frame_index consistent = 5
[PASS] T10 m_axis count = TOTAL_TB = 20
[PASS] T10 tlast on last sample = 19

--- R1: Timing offset sweep (quiet 4..19) ---
[PASS] R1 off=0 frame_found
[PASS] R1 off=0 count=TOTAL_TB = 20
[PASS] R1 off=1 frame_found
[PASS] R1 off=1 count=TOTAL_TB = 20
[PASS] R1 off=2 frame_found
[PASS] R1 off=2 count=TOTAL_TB = 20
[PASS] R1 off=3 frame_found
[PASS] R1 off=3 count=TOTAL_TB = 20
[PASS] R1 off=4 frame_found
[PASS] R1 off=4 count=TOTAL_TB = 20
[PASS] R1 off=5 frame_found
[PASS] R1 off=5 count=TOTAL_TB = 20
[PASS] R1 off=6 frame_found
[PASS] R1 off=6 count=TOTAL_TB = 20
[PASS] R1 off=7 frame_found
[PASS] R1 off=7 count=TOTAL_TB = 20
[PASS] R1 off=8 frame_found
[PASS] R1 off=8 count=TOTAL_TB = 20
[PASS] R1 off=9 frame_found
[PASS] R1 off=9 count=TOTAL_TB = 20
[PASS] R1 off=10 frame_found
[PASS] R1 off=10 count=TOTAL_TB = 20
[PASS] R1 off=11 frame_found
[PASS] R1 off=11 count=TOTAL_TB = 20
[PASS] R1 off=12 frame_found
[PASS] R1 off=12 count=TOTAL_TB = 20
[PASS] R1 off=13 frame_found
[PASS] R1 off=13 count=TOTAL_TB = 20
[PASS] R1 off=14 frame_found
[PASS] R1 off=14 count=TOTAL_TB = 20
[PASS] R1 off=15 frame_found
[PASS] R1 off=15 count=TOTAL_TB = 20
[GROUP] R1 timing offset sweep PASS

--- R2: Signal configuration sweep ---
[PASS] R2 c0 frame_found
[PASS] R2 c0 frame_error=0
[PASS] R2 c0 count = 20
[PASS] R2 c0 tlast = 19
[PASS] R2 c1 frame_found
[PASS] R2 c1 frame_error=0
[PASS] R2 c1 count = 20
[PASS] R2 c1 tlast = 19
[PASS] R2 c2 frame_found
[PASS] R2 c2 frame_error=0
[PASS] R2 c2 count = 20
[PASS] R2 c2 tlast = 19
[PASS] R2 c3 frame_found
[PASS] R2 c3 frame_error=0
[PASS] R2 c3 count = 20
[PASS] R2 c3 tlast = 19
[GROUP] R2 signal configuration sweep PASS

--- R3: Randomized frame placement (20 trials) ---
[PASS] R3 tr=0 frame_found
[PASS] R3 tr=0 count = 20
[PASS] R3 tr=1 frame_found
[PASS] R3 tr=1 count = 20
[PASS] R3 tr=2 frame_found
[PASS] R3 tr=2 count = 20
[PASS] R3 tr=3 frame_found
[PASS] R3 tr=3 count = 20
[PASS] R3 tr=4 frame_found
[PASS] R3 tr=4 count = 20
[PASS] R3 tr=5 frame_found
[PASS] R3 tr=5 count = 20
[PASS] R3 tr=6 frame_found
[PASS] R3 tr=6 count = 20
[PASS] R3 tr=7 frame_found
[PASS] R3 tr=7 count = 20
[PASS] R3 tr=8 frame_found
[PASS] R3 tr=8 count = 20
[PASS] R3 tr=9 frame_found
[PASS] R3 tr=9 count = 20
[PASS] R3 tr=10 frame_found
[PASS] R3 tr=10 count = 20
[PASS] R3 tr=11 frame_found
[PASS] R3 tr=11 count = 20
[PASS] R3 tr=12 frame_found
[PASS] R3 tr=12 count = 20
[PASS] R3 tr=13 frame_found
[PASS] R3 tr=13 count = 20
[PASS] R3 tr=14 frame_found
[PASS] R3 tr=14 count = 20
[PASS] R3 tr=15 frame_found
[PASS] R3 tr=15 count = 20
[PASS] R3 tr=16 frame_found
[PASS] R3 tr=16 count = 20
[PASS] R3 tr=17 frame_found
[PASS] R3 tr=17 count = 20
[PASS] R3 tr=18 frame_found
[PASS] R3 tr=18 count = 20
[PASS] R3 tr=19 frame_found
[PASS] R3 tr=19 count = 20
[RANDOM] frame_placement_trials = 20
[GROUP] R3 randomized frame placement PASS

--- R4: Randomized amplitude scaling (10 trials) ---
[PASS] R4 tr=0 count = 20
[PASS] R4 tr=1 count = 20
[PASS] R4 tr=2 count = 20
[PASS] R4 tr=3 count = 20
[PASS] R4 tr=4 count = 20
[PASS] R4 tr=5 count = 20
[PASS] R4 tr=6 count = 20
[PASS] R4 tr=7 count = 20
[PASS] R4 tr=8 count = 20
[PASS] R4 tr=9 count = 20
[RANDOM] amplitude_trials = 10
[GROUP] R4 randomized amplitude scaling PASS

--- R5: AXI-Stream output backpressure ---
[PASS] R5 delay=0 count=TOTAL_TB = 20
[PASS] R5 delay=0 tlast at last = 19
[PASS] R5 delay=0 tvalid_fired
[PASS] R5 delay=1 count=TOTAL_TB = 20
[PASS] R5 delay=1 tlast at last = 19
[PASS] R5 delay=1 tvalid_fired
[PASS] R5 delay=2 count=TOTAL_TB = 20
[PASS] R5 delay=2 tlast at last = 19
[PASS] R5 delay=2 tvalid_fired
[PASS] R5 delay=3 count=TOTAL_TB = 20
[PASS] R5 delay=3 tlast at last = 19
[PASS] R5 delay=3 tvalid_fired
[GROUP] R5 AXI backpressure PASS

--- R6: Reset robustness ---
[INFO] R6 S1: reset from idle, then verify recovery
[PASS] R6 S1: busy=0 after reset
[PASS] R6 S1: done=0 after reset
[PASS] R6 S1: recovery done fires
[INFO] R6 S2: reset mid-frame-det, then verify recovery
[PASS] R6 S2: busy=0 after mid-proc reset
[PASS] R6 S2: done=0 after mid-proc reset
[PASS] R6 S2: recovery done fires
[INFO] R6 S3: reset after done, verify clean restart
[PASS] R6 S3: busy=0 after post-done reset
[PASS] R6 S3: second run done fires
[PASS] R6 S3: second run count = 20
[GROUP] R6 reset robustness PASS

--- R7: No-frame / false-trigger rejection ---
[PASS] R7 T1: frame_error=1 (quiet+max thr)
[PASS] R7 T1: m_axis_tvalid=0
[PASS] R7 T2: frame_error=1 (signal+max thr)
[PASS] R7 T2: m_axis_tvalid=0
[PASS] R7 T3: frame_error=1 (mixed+max thr)
[PASS] R7 T3: m_axis_tvalid=0
[GROUP] R7 no-frame rejection PASS

--- R8: Buffer boundary stress ---
[PASS] R8 C1: frame_found
[PASS] R8 C1: count = 20
[PASS] R8 C1: tlast = 19
[PASS] R8 C2: frame_found
[PASS] R8 C2: count = 20
[PASS] R8 C2: tlast = 19
[PASS] R8 C3: frame_found
[PASS] R8 C3: count = 20
[PASS] R8 C3: tlast = 19
[PASS] R8 C4: frame_found
[PASS] R8 C4: count = 20
[PASS] R8 C4: tlast = 19
[GROUP] R8 buffer boundary stress PASS

========================================
PASS: 176   FAIL: 0
[RANDOM] frame_placement_trials = 20  amplitude_trials = 10
CFO range tested: 0x0000..0xC000 (via CP autocorr frac_phase path)
Timing offset range: 0..15 (R1 sweep) + randomized 2..15 (R3)
Backpressure patterns tested: 4 (delays 0..3)
CI GATE: PASSED
========================================

$finish called at time : 409646 ns : File "/home/zealatan/RTL_SYNC/tb/frac_cfo_frame_corrector_top_tb.sv" Line 1032
exit
INFO: [Common 17-206] Exiting xsim at Thu May  7 13:25:26 2026...
