
****** xsim v2022.2 (64-bit)
  **** SW Build 3671981 on Fri Oct 14 04:59:54 MDT 2022
  **** IP Build 3669848 on Fri Oct 14 08:30:02 MDT 2022
    ** Copyright 1986-2022 Xilinx, Inc. All Rights Reserved.

source xsim.dir/frame_timing_sync_top_tb_sim/xsim_script.tcl
# xsim {frame_timing_sync_top_tb_sim} -autoloadwcfg -runall
Time resolution is 1 ps
run -all

--- T1: Reset ---
[PASS] T1 done=0
[PASS] T1 busy=0
[PASS] T1 frame_error=0

--- T2: Happy path (8 quiet + 100 signal) ---
[PASS] T2 busy=1 after start
[PASS] T2 done fires
[PASS] T2 frame_found
[PASS] T2 frame_error=0
[PASS] T2 frac_phase_valid
[PASS] T2 frac_phase=0 = 0
[PASS] T2 peak_corr_q=0 = 0
[PASS] T2 busy=0 after done

--- T3: Frame not found (32 zeros) ---
[PASS] T3 done fires
[PASS] T3 frame_found=0
[PASS] T3 frame_error=1
[PASS] T3 fpv_seen=0
[PASS] T3 busy=0 after done

--- T4: Re-run after done ---
[PASS] T4 done fires
[PASS] T4 frame_found
[PASS] T4 frac_phase_valid
[PASS] T4 frac_phase=0 = 0
[PASS] T4 busy=0

========================================
PASS: 21   FAIL: 0
CI GATE: PASSED
========================================

$finish called at time : 10006 ns : File "/home/zealatan/RTL_SYNC/tb/frame_timing_sync_top_tb.sv" Line 314
exit
INFO: [Common 17-206] Exiting xsim at Tue May  5 14:25:53 2026...
