
****** xsim v2022.2 (64-bit)
  **** SW Build 3671981 on Fri Oct 14 04:59:54 MDT 2022
  **** IP Build 3669848 on Fri Oct 14 08:30:02 MDT 2022
    ** Copyright 1986-2022 Xilinx, Inc. All Rights Reserved.

source xsim.dir/frame_detector_tb_sim/xsim_script.tcl
# xsim {frame_detector_tb_sim} -autoloadwcfg -runall
Time resolution is 1 ps
run -all
[PASS] T1 busy=0 in reset
[PASS] T1 done=0 in reset
[PASS] T1 frame_found=0 in reset
[PASS] T2 done fires
[PASS] T2 frame_found=0
[PASS] T2 busy=0 after done
[PASS] T3 done fires
[PASS] T3 frame_found=1
[PASS] T3 frame_index=5  =5
[PASS] T4 done fires
[PASS] T4 frame_found=1
[PASS] T4 frame_index=3  =3
[PASS] T5 done fires
[PASS] T5 frame_found=1
[PASS] T5 frame_index=5  =5
[PASS] T6 done fires
[PASS] T6 frame_found=1
[PASS] T6 frame_index=3  =3
[PASS] T7 done fires
[PASS] T7 frame_found=0
[PASS] T8 done fires
[PASS] T8 frame_found=1
[PASS] T8 frame_index=4  =4
[PASS] T9 done fires
[PASS] T9 frame_found=1
[PASS] T9 frame_index=19  =19
[PASS] T10 done fires
[PASS] T10 done deasserts next clock
[PASS] T10 busy=0 after done
[PASS] T11 done=1
[PASS] T11 busy=0 simultaneous with done
[PASS] T12 done fires
[PASS] T12 frame_found=0 (no slides)
[PASS] T13 done fires
[PASS] T13 frame_found=0
[PASS] T14 scan1 frame_found=0
[PASS] T14 scan2 frame_found=1
[PASS] T14 scan2 frame_index=2  =2
[PASS] T15 done fires
[PASS] T15 frame_found=1
[PASS] T15 frame_index=1  =1
[PASS] T16 PRNG smoke: 5/5 scans correct
--- 42 PASS  0 FAIL ---
CI GATE: PASSED
$finish called at time : 4440 ns : File "/home/zealatan/RTL_SYNC/tb/frame_detector_tb.sv" Line 465
exit
INFO: [Common 17-206] Exiting xsim at Tue May  5 07:15:04 2026...
