INFO: [VRFC 10-2263] Analyzing SystemVerilog file "/home/zealatan/RTL_SYNC/rtl/axis_complex_mult.v" into library work
INFO: [VRFC 10-311] analyzing module axis_complex_mult
INFO: [VRFC 10-2263] Analyzing SystemVerilog file "/home/zealatan/RTL_SYNC/rtl/complex_mult_iq.v" into library work
INFO: [VRFC 10-311] analyzing module complex_mult_iq
INFO: [VRFC 10-2263] Analyzing SystemVerilog file "/home/zealatan/RTL_SYNC/rtl/cp_autocorr_core.v" into library work
INFO: [VRFC 10-311] analyzing module cp_autocorr_core
INFO: [VRFC 10-2263] Analyzing SystemVerilog file "/home/zealatan/RTL_SYNC/rtl/timing_metric_core.v" into library work
INFO: [VRFC 10-311] analyzing module timing_metric_core
INFO: [VRFC 10-2263] Analyzing SystemVerilog file "/home/zealatan/RTL_SYNC/rtl/peak_detector.v" into library work
INFO: [VRFC 10-311] analyzing module peak_detector
INFO: [VRFC 10-2263] Analyzing SystemVerilog file "/home/zealatan/RTL_SYNC/rtl/timing_sync_top.v" into library work
INFO: [VRFC 10-311] analyzing module timing_sync_top
INFO: [VRFC 10-2263] Analyzing SystemVerilog file "/home/zealatan/RTL_SYNC/rtl/cordic_atan2.v" into library work
INFO: [VRFC 10-311] analyzing module cordic_atan2
INFO: [VRFC 10-2263] Analyzing SystemVerilog file "/home/zealatan/RTL_SYNC/rtl/frac_cfo_estimator.v" into library work
INFO: [VRFC 10-311] analyzing module frac_cfo_estimator
INFO: [VRFC 10-2263] Analyzing SystemVerilog file "/home/zealatan/RTL_SYNC/rtl/timing_frac_cfo_top.v" into library work
INFO: [VRFC 10-311] analyzing module timing_frac_cfo_top
INFO: [VRFC 10-2263] Analyzing SystemVerilog file "/home/zealatan/RTL_SYNC/rtl/iq_frame_buffer.v" into library work
INFO: [VRFC 10-311] analyzing module iq_frame_buffer
INFO: [VRFC 10-2263] Analyzing SystemVerilog file "/home/zealatan/RTL_SYNC/rtl/frame_detector.v" into library work
INFO: [VRFC 10-311] analyzing module frame_detector
INFO: [VRFC 10-2263] Analyzing SystemVerilog file "/home/zealatan/RTL_SYNC/rtl/frame_timing_sync_top.v" into library work
INFO: [VRFC 10-311] analyzing module frame_timing_sync_top
INFO: [VRFC 10-2263] Analyzing SystemVerilog file "/home/zealatan/RTL_SYNC/tb/frame_timing_sync_top_tb.sv" into library work
INFO: [VRFC 10-311] analyzing module frame_timing_sync_top_tb
