
****** xsim v2022.2 (64-bit)
  **** SW Build 3671981 on Fri Oct 14 04:59:54 MDT 2022
  **** IP Build 3669848 on Fri Oct 14 08:30:02 MDT 2022
    ** Copyright 1986-2022 Xilinx, Inc. All Rights Reserved.

source xsim.dir/meyr_integer_cfo_core_snap/xsim_script.tcl
# xsim {meyr_integer_cfo_core_snap} -autoloadwcfg -runall
Time resolution is 1 ps
run -all
=== meyr_integer_cfo_core_tb ===
T1: reset_defaults
T1: PASS
T2: zero_cfo (shift=0)
T2: PASS
T3: positive_shift_plus1
T3: PASS
T4: negative_shift_minus1
T4: PASS
T5: positive_shift_plus3
T5: PASS
T6: negative_shift_minus4
T6: PASS
T7: positive_shift_plus8
T7: PASS
T8: negative_shift_minus8
T8: PASS
T9: restart_two_frames
T9: PASS
T10: start_while_busy
T10: PASS
T11: zero_term1
T11: PASS
T12: boundary_shifts (+2 and -2)
T12: PASS

PASS: 32  FAIL: 0
CI GATE: PASSED
$finish called at time : 8687105 ns : File "/home/zealatan/RTL_SYNC/tb/meyr_integer_cfo_core_tb.sv" Line 405
run: Time (s): cpu = 00:00:01 ; elapsed = 00:00:09 . Memory (MB): peak = 1459.410 ; gain = 0.000 ; free physical = 1229 ; free virtual = 7303
exit
INFO: [Common 17-206] Exiting xsim at Tue May 12 16:53:35 2026...
