
****** xsim v2022.2 (64-bit)
  **** SW Build 3671981 on Fri Oct 14 04:59:54 MDT 2022
  **** IP Build 3669848 on Fri Oct 14 08:30:02 MDT 2022
    ** Copyright 1986-2022 Xilinx, Inc. All Rights Reserved.

source xsim.dir/pss_sss_symbol_extractor_snap/xsim_script.tcl
# xsim {pss_sss_symbol_extractor_snap} -autoloadwcfg -runall
Time resolution is 1 ps
run -all
T1: reset_defaults
[PASS] T1_busy_low
[PASS] T1_done_low
[PASS] T1_error_low
[PASS] T1_m_axis_tvalid_low
T2: basic_extract
[PASS] T2_pss_count
[PASS] T2_sss_count
[PASS] T2_no_error
T3: pss_data_exact
[PASS] T3_pss_data
T4: sss_data_exact
[PASS] T4_sss_data
T5: tlast_positions
[PASS] T5_pss_tlast
[PASS] T5_sss_tlast
T6: output_backpressure
[PASS] T6_pss_count
[PASS] T6_sss_count
[PASS] T6_no_error
[PASS] T6_data_integrity
T7: input_gaps
[PASS] T7_pss_count
[PASS] T7_sss_count
[PASS] T7_no_error
T8: different_offsets
[PASS] T8_pss_count
[PASS] T8_sss_count
[PASS] T8_no_error
[PASS] T8_data_exact
T9: invalid_config_pss_out_of_range
[PASS] T9_error
[PASS] T9_error_code
[PASS] T9_not_busy
T10: invalid_config_sss_out_of_range
[PASS] T10_error
[PASS] T10_error_code
T11: early_tlast
[PASS] T11_error
[PASS] T11_error_code
T12: start_while_busy
[PASS] T12_still_busy
[PASS] T12_completed
[PASS] T12_extracted
T13: overlap_invalid
[PASS] T13_error
[PASS] T13_error_code
T14: exact_minimum_frame
[PASS] T14_pss_count
[PASS] T14_sss_count
[PASS] T14_no_error

PASS: 37  FAIL: 0
CI GATE: PASSED
$finish called at time : 74705 ns : File "/home/zealatan/RTL_SYNC_STEP36C_EXTRACTOR/tb/pss_sss_symbol_extractor_tb.sv" Line 496
exit
INFO: [Common 17-206] Exiting xsim at Wed May 13 16:59:17 2026...
