
****** xsim v2022.2 (64-bit)
  **** SW Build 3671981 on Fri Oct 14 04:59:54 MDT 2022
  **** IP Build 3669848 on Fri Oct 14 08:30:02 MDT 2022
    ** Copyright 1986-2022 Xilinx, Inc. All Rights Reserved.

source xsim.dir/timing_sync_top_tb_sim/xsim_script.tcl
# xsim {timing_sync_top_tb_sim} -autoloadwcfg -runall
Time resolution is 1 ps
run -all

--- T1: Reset ---
[PASS] T1 done=0
[PASS] T1 busy=0

--- T2: All-zero buffer ---
[PASS] busy asserted on start
[PASS] busy de-asserted after done
[PASS] T2 peak_lag=0 = 0
[PASS] T2 peak_corr_i=0 = 0
[PASS] T2 peak_corr_q=0 = 0
[PASS] T2 peak_energy=0 = 0

--- T3: Constant I=100 Q=50 ---
[PASS] busy asserted on start
[PASS] busy de-asserted after done
[PASS] T3 peak_lag=0 = 0
[PASS] T3 peak_corr_i=50000 = 50000
[PASS] T3 peak_corr_q=0 = 0
[PASS] T3 peak_energy=100000 = 100000

--- T4: Re-run after done ---
[PASS] busy asserted on start
[PASS] busy de-asserted after done
[PASS] T4 peak_lag=0 = 0
[PASS] T4 peak_corr_i=0 = 0
[PASS] T4 peak_corr_q=0 = 0

========================================
PASS: 19   FAIL: 0
CI GATE: PASSED
========================================

$finish called at time : 8496 ns : File "/home/zealatan/RTL_SYNC/tb/timing_sync_top_tb.sv" Line 256
exit
INFO: [Common 17-206] Exiting xsim at Tue May  5 13:43:42 2026...
