#-----------------------------------------------------------
# xsim v2022.2 (64-bit)
# SW Build 3671981 on Fri Oct 14 04:59:54 MDT 2022
# IP Build 3669848 on Fri Oct 14 08:30:02 MDT 2022
# Start of session at: Tue May 12 16:50:08 2026
# Process ID: 133504
# Current directory: /home/zealatan/RTL_SYNC/build
# Command line: xsim -mode tcl -source {xsim.dir/meyr_integer_cfo_core_snap/xsim_script.tcl}
# Log file: /home/zealatan/RTL_SYNC/build/xsim.log
# Journal file: /home/zealatan/RTL_SYNC/build/xsim.jou
# Running On: DESKTOP-FAIRVEG, OS: Linux, CPU Frequency: 2495.999 MHz, CPU Physical cores: 6, Host memory: 8133 MB
#-----------------------------------------------------------
source xsim.dir/meyr_integer_cfo_core_snap/xsim_script.tcl
# xsim {meyr_integer_cfo_core_snap} -autoloadwcfg -runall
Time resolution is 1 ps
run -all
=== meyr_integer_cfo_core_tb ===
T1: reset_defaults
T1: PASS
T2: zero_cfo (shift=0)
T2: PASS
T3: positive_shift_plus1
T3: PASS
T4: negative_shift_minus1
T4: PASS
T5: positive_shift_plus3
T5: PASS
T6: negative_shift_minus4
T6: PASS
T7: positive_shift_plus8
T7: PASS
T8: negative_shift_minus8
T8: PASS
T9: restart_two_frames
T9: PASS
T10: start_while_busy
FAIL: T10 error=1 after start-while-busy
T11: zero_term1
T11: PASS
T12: boundary_shifts (+2 and -2)
T12: PASS

PASS: 31  FAIL: 1
CI GATE: FAILED
$finish called at time : 8687105 ns : File "/home/zealatan/RTL_SYNC/tb/meyr_integer_cfo_core_tb.sv" Line 405
run: Time (s): cpu = 00:00:00.03 ; elapsed = 00:00:06 . Memory (MB): peak = 1268.109 ; gain = 8.004 ; free physical = 1617 ; free virtual = 7684
exit
INFO: [Common 17-206] Exiting xsim at Tue May 12 16:50:25 2026...
